<?xml version="1.0" encoding="UTF-8"?>
<testng-results skipped="0" failed="1" ignored="0" total="2" passed="1">
  <reporter-output>
  </reporter-output>
  <suite name="Automation Test Suite" duration-ms="50319" started-at="2020-03-14T23:06:38Z" finished-at="2020-03-14T23:07:28Z">
    <groups>
    </groups>
    <test name="PMCS Login test" duration-ms="50319" started-at="2020-03-14T23:06:38Z" finished-at="2020-03-14T23:07:28Z">
      <class name="com.usa.logintest.LoginTest">
        <test-method status="PASS" signature="setUp()[pri:0, instance:com.usa.logintest.LoginTest@255b53dc]" name="setUp" is-config="true" duration-ms="12776" started-at="2020-03-14T23:06:38Z" finished-at="2020-03-14T23:06:51Z">
          <reporter-output>
          </reporter-output>
        </test-method> <!-- setUp -->
        <test-method status="PASS" signature="loginPageTitleTest()[pri:0, instance:com.usa.logintest.LoginTest@255b53dc]" name="loginPageTitleTest" duration-ms="3481" started-at="2020-03-14T23:06:51Z" finished-at="2020-03-14T23:06:54Z">
          <reporter-output>
          </reporter-output>
        </test-method> <!-- loginPageTitleTest -->
        <test-method status="PASS" signature="tearDown()[pri:0, instance:com.usa.logintest.LoginTest@255b53dc]" name="tearDown" is-config="true" duration-ms="622" started-at="2020-03-14T23:06:54Z" finished-at="2020-03-14T23:06:55Z">
          <reporter-output>
          </reporter-output>
        </test-method> <!-- tearDown -->
      </class> <!-- com.usa.logintest.LoginTest -->
      <class name="com.usa.logintest.HomePageTest">
        <test-method status="PASS" signature="setUp()[pri:0, instance:com.usa.logintest.HomePageTest@1dd92fe2]" name="setUp" is-config="true" duration-ms="15780" started-at="2020-03-14T23:06:55Z" finished-at="2020-03-14T23:07:11Z">
          <reporter-output>
          </reporter-output>
        </test-method> <!-- setUp -->
        <test-method status="FAIL" signature="propertyValidation()[pri:0, instance:com.usa.logintest.HomePageTest@1dd92fe2]" name="propertyValidation" duration-ms="17490" started-at="2020-03-14T23:07:11Z" finished-at="2020-03-14T23:07:28Z">
          <exception class="java.lang.ClassCastException">
            <message>
              <![CDATA[com.sun.proxy.$Proxy10 cannot be cast to org.openqa.selenium.By]]>
            </message>
            <full-stacktrace>
              <![CDATA[java.lang.ClassCastException: com.sun.proxy.$Proxy10 cannot be cast to org.openqa.selenium.By
at com.usa.utility.SeleniumUtil.getExplicitWait(SeleniumUtil.java:75)
at com.usa.logintest.HomePageTest.propertyValidation(HomePageTest.java:30)
at sun.reflect.NativeMethodAccessorImpl.invoke0(Native Method)
at sun.reflect.NativeMethodAccessorImpl.invoke(NativeMethodAccessorImpl.java:62)
at sun.reflect.DelegatingMethodAccessorImpl.invoke(DelegatingMethodAccessorImpl.java:43)
at java.lang.reflect.Method.invoke(Method.java:498)
at org.testng.internal.MethodInvocationHelper.invokeMethod(MethodInvocationHelper.java:124)
at org.testng.internal.Invoker.invokeMethod(Invoker.java:583)
at org.testng.internal.Invoker.invokeTestMethod(Invoker.java:719)
at org.testng.internal.Invoker.invokeTestMethods(Invoker.java:989)
at org.testng.internal.TestMethodWorker.invokeTestMethods(TestMethodWorker.java:125)
at org.testng.internal.TestMethodWorker.run(TestMethodWorker.java:109)
at org.testng.TestRunner.privateRun(TestRunner.java:648)
at org.testng.TestRunner.run(TestRunner.java:505)
at org.testng.SuiteRunner.runTest(SuiteRunner.java:455)
at org.testng.SuiteRunner.runSequentially(SuiteRunner.java:450)
at org.testng.SuiteRunner.privateRun(SuiteRunner.java:415)
at org.testng.SuiteRunner.run(SuiteRunner.java:364)
at org.testng.SuiteRunnerWorker.runSuite(SuiteRunnerWorker.java:52)
at org.testng.SuiteRunnerWorker.run(SuiteRunnerWorker.java:84)
at org.testng.TestNG.runSuitesSequentially(TestNG.java:1208)
at org.testng.TestNG.runSuitesLocally(TestNG.java:1137)
at org.testng.TestNG.runSuites(TestNG.java:1049)
at org.testng.TestNG.run(TestNG.java:1017)
at org.testng.remote.AbstractRemoteTestNG.run(AbstractRemoteTestNG.java:115)
at org.testng.remote.RemoteTestNG.initAndRun(RemoteTestNG.java:251)
at org.testng.remote.RemoteTestNG.main(RemoteTestNG.java:77)
]]>
            </full-stacktrace>
          </exception> <!-- java.lang.ClassCastException -->
          <reporter-output>
          </reporter-output>
        </test-method> <!-- propertyValidation -->
        <test-method status="PASS" signature="tearDown()[pri:0, instance:com.usa.logintest.HomePageTest@1dd92fe2]" name="tearDown" is-config="true" duration-ms="1" started-at="2020-03-14T23:07:28Z" finished-at="2020-03-14T23:07:28Z">
          <reporter-output>
          </reporter-output>
        </test-method> <!-- tearDown -->
      </class> <!-- com.usa.logintest.HomePageTest -->
    </test> <!-- PMCS Login test -->
  </suite> <!-- Automation Test Suite -->
</testng-results>
