<?xml version="1.0" encoding="UTF-8"?>
<!-- Generated by org.testng.reporters.JUnitXMLReporter -->
<testsuite hostname="LAPTOP-0DTB49BH" ignored="0" name="PMCS Login test" tests="2" failures="1" timestamp="14 Mar 2020 23:07:28 GMT" time="50.319" errors="0">
  <testcase name="loginPageTitleTest" time="3.481" classname="com.usa.logintest.LoginTest"/>
  <testcase name="propertyValidation" time="17.49" classname="com.usa.logintest.HomePageTest">
    <failure type="java.lang.ClassCastException" message="com.sun.proxy.$Proxy10 cannot be cast to org.openqa.selenium.By">
      <![CDATA[java.lang.ClassCastException: com.sun.proxy.$Proxy10 cannot be cast to org.openqa.selenium.By
at com.usa.utility.SeleniumUtil.getExplicitWait(SeleniumUtil.java:75)
at com.usa.logintest.HomePageTest.propertyValidation(HomePageTest.java:30)
... Removed 25 stack frames]]>
    </failure>
  </testcase> <!-- propertyValidation -->
</testsuite> <!-- PMCS Login test -->
